{
"contracts/BasicDutchAuction.sol":{"l":{"56":21,"57":21,"58":21,"59":21,"61":21,"62":21,"63":21,"64":21,"65":21,"66":21,"78":6,"81":6,"84":5,"87":4,"90":3,"91":2,"92":2,"93":2,"94":2,"95":2,"96":2,"100":1,"101":1,"112":8,"113":2,"115":6,"116":6,"124":2,"126":1,"127":1,"128":1,"136":3},"path":"/Users/xudecheng/INFO7500/INFO7500_contract/DutchAuction/V1.0/contracts/BasicDutchAuction.sol","s":{"1":6,"2":6,"3":5,"4":4,"5":3,"6":2,"7":2,"8":1,"9":8,"10":2,"11":6,"12":6,"13":2,"14":1,"15":1,"16":3},"b":{"1":[5,1],"2":[4,1],"3":[3,1],"4":[2,1],"5":[2,6],"6":[1,1]},"f":{"1":21,"2":6,"3":8,"4":2,"5":3},"fnMap":{"1":{"name":"constructor","line":55,"loc":{"start":{"line":55,"column":0},"end":{"line":67,"column":0}}},"2":{"name":"placeBid","line":77,"loc":{"start":{"line":77,"column":0},"end":{"line":102,"column":0}}},"3":{"name":"getCurrentAuctionPrice","line":111,"loc":{"start":{"line":111,"column":0},"end":{"line":118,"column":0}}},"4":{"name":"retrieveRefund","line":123,"loc":{"start":{"line":123,"column":0},"end":{"line":129,"column":0}}},"5":{"name":"getBalance","line":135,"loc":{"start":{"line":135,"column":0},"end":{"line":137,"column":0}}}},"statementMap":{"1":{"start":{"line":78,"column":0},"end":{"line":78,"column":47}},"2":{"start":{"line":81,"column":0},"end":{"line":81,"column":49}},"3":{"start":{"line":84,"column":0},"end":{"line":84,"column":67}},"4":{"start":{"line":87,"column":0},"end":{"line":87,"column":88}},"5":{"start":{"line":90,"column":0},"end":{"line":90,"column":2899}},"6":{"start":{"line":95,"column":0},"end":{"line":95,"column":39}},"7":{"start":{"line":96,"column":0},"end":{"line":96,"column":11}},"8":{"start":{"line":101,"column":0},"end":{"line":101,"column":12}},"9":{"start":{"line":112,"column":0},"end":{"line":112,"column":3630}},"10":{"start":{"line":113,"column":0},"end":{"line":113,"column":8}},"11":{"start":{"line":115,"column":0},"end":{"line":115,"column":62}},"12":{"start":{"line":116,"column":0},"end":{"line":116,"column":60}},"13":{"start":{"line":124,"column":0},"end":{"line":124,"column":76}},"14":{"start":{"line":126,"column":0},"end":{"line":126,"column":48}},"15":{"start":{"line":128,"column":0},"end":{"line":128,"column":41}},"16":{"start":{"line":136,"column":0},"end":{"line":136,"column":29}}},"branchMap":{"1":{"line":81,"type":"if","locations":[{"start":{"line":81,"column":0},"end":{"line":81,"column":0}},{"start":{"line":81,"column":0},"end":{"line":81,"column":0}}]},"2":{"line":84,"type":"if","locations":[{"start":{"line":84,"column":0},"end":{"line":84,"column":0}},{"start":{"line":84,"column":0},"end":{"line":84,"column":0}}]},"3":{"line":87,"type":"if","locations":[{"start":{"line":87,"column":0},"end":{"line":87,"column":0}},{"start":{"line":87,"column":0},"end":{"line":87,"column":0}}]},"4":{"line":90,"type":"if","locations":[{"start":{"line":90,"column":0},"end":{"line":90,"column":0}},{"start":{"line":90,"column":0},"end":{"line":90,"column":0}}]},"5":{"line":112,"type":"if","locations":[{"start":{"line":112,"column":0},"end":{"line":112,"column":0}},{"start":{"line":112,"column":0},"end":{"line":112,"column":0}}]},"6":{"line":124,"type":"if","locations":[{"start":{"line":124,"column":0},"end":{"line":124,"column":0}},{"start":{"line":124,"column":0},"end":{"line":124,"column":0}}]}}}}
