{
"contracts/BasicDutchAuction.sol":{"l":{"21":21,"22":21,"23":21,"24":21,"26":21,"27":21,"28":21,"29":21,"30":21,"31":21,"35":6,"36":6,"37":6,"38":5,"40":4,"41":3,"42":3,"43":3,"44":3,"45":3,"46":3,"48":1,"49":1,"53":8,"54":2,"56":6,"57":6,"62":2,"64":1,"65":1,"66":1,"70":3},"path":"/Users/xudecheng/INFO7500/INFO7500_contract/V1.0/contracts/BasicDutchAuction.sol","s":{"1":6,"2":6,"3":6,"4":5,"5":4,"6":3,"7":3,"8":1,"9":8,"10":2,"11":6,"12":6,"13":2,"14":1,"15":1,"16":3},"b":{"1":[6,0],"2":[5,1],"3":[4,1],"4":[3,1],"5":[2,6],"6":[1,1]},"f":{"1":21,"2":6,"3":8,"4":2,"5":3},"fnMap":{"1":{"name":"constructor","line":20,"loc":{"start":{"line":20,"column":4},"end":{"line":32,"column":4}}},"2":{"name":"placeBid","line":34,"loc":{"start":{"line":34,"column":4},"end":{"line":50,"column":4}}},"3":{"name":"getCurrentPrice","line":52,"loc":{"start":{"line":52,"column":4},"end":{"line":59,"column":4}}},"4":{"name":"claimRefund","line":61,"loc":{"start":{"line":61,"column":4},"end":{"line":67,"column":4}}},"5":{"name":"getBidAmount","line":69,"loc":{"start":{"line":69,"column":4},"end":{"line":71,"column":4}}}},"statementMap":{"1":{"start":{"line":35,"column":8},"end":{"line":35,"column":48}},"2":{"start":{"line":36,"column":8},"end":{"line":36,"column":51}},"3":{"start":{"line":37,"column":8},"end":{"line":37,"column":66}},"4":{"start":{"line":38,"column":8},"end":{"line":38,"column":83}},"5":{"start":{"line":40,"column":8},"end":{"line":40,"column":1491}},"6":{"start":{"line":45,"column":12},"end":{"line":45,"column":43}},"7":{"start":{"line":46,"column":12},"end":{"line":46,"column":23}},"8":{"start":{"line":49,"column":8},"end":{"line":49,"column":20}},"9":{"start":{"line":53,"column":8},"end":{"line":53,"column":1939}},"10":{"start":{"line":54,"column":12},"end":{"line":54,"column":20}},"11":{"start":{"line":56,"column":12},"end":{"line":56,"column":68}},"12":{"start":{"line":57,"column":12},"end":{"line":57,"column":79}},"13":{"start":{"line":62,"column":8},"end":{"line":62,"column":74}},"14":{"start":{"line":64,"column":8},"end":{"line":64,"column":62}},"15":{"start":{"line":66,"column":8},"end":{"line":66,"column":49}},"16":{"start":{"line":70,"column":8},"end":{"line":70,"column":43}}},"branchMap":{"1":{"line":36,"type":"if","locations":[{"start":{"line":36,"column":8},"end":{"line":36,"column":8}},{"start":{"line":36,"column":8},"end":{"line":36,"column":8}}]},"2":{"line":37,"type":"if","locations":[{"start":{"line":37,"column":8},"end":{"line":37,"column":8}},{"start":{"line":37,"column":8},"end":{"line":37,"column":8}}]},"3":{"line":38,"type":"if","locations":[{"start":{"line":38,"column":8},"end":{"line":38,"column":8}},{"start":{"line":38,"column":8},"end":{"line":38,"column":8}}]},"4":{"line":40,"type":"if","locations":[{"start":{"line":40,"column":8},"end":{"line":40,"column":8}},{"start":{"line":40,"column":8},"end":{"line":40,"column":8}}]},"5":{"line":53,"type":"if","locations":[{"start":{"line":53,"column":8},"end":{"line":53,"column":8}},{"start":{"line":53,"column":8},"end":{"line":53,"column":8}}]},"6":{"line":62,"type":"if","locations":[{"start":{"line":62,"column":8},"end":{"line":62,"column":8}},{"start":{"line":62,"column":8},"end":{"line":62,"column":8}}]}}}}
