TN:
SF:/Users/xudecheng/INFO7500/INFO7500_contract/DutchAuction/V1.0/contracts/BasicDutchAuction.sol
FN:55,constructor
FN:77,placeBid
FN:111,getCurrentAuctionPrice
FN:123,retrieveRefund
FN:135,getBalance
FNF:5
FNH:5
FNDA:21,constructor
FNDA:6,placeBid
FNDA:8,getCurrentAuctionPrice
FNDA:2,retrieveRefund
FNDA:3,getBalance
DA:56,21
DA:57,21
DA:58,21
DA:59,21
DA:61,21
DA:62,21
DA:63,21
DA:64,21
DA:65,21
DA:66,21
DA:78,6
DA:81,6
DA:84,5
DA:87,4
DA:90,3
DA:91,2
DA:92,2
DA:93,2
DA:94,2
DA:95,2
DA:96,2
DA:100,1
DA:101,1
DA:112,8
DA:113,2
DA:115,6
DA:116,6
DA:124,2
DA:126,1
DA:127,1
DA:128,1
DA:136,3
LF:32
LH:32
BRDA:81,1,0,5
BRDA:81,1,1,1
BRDA:84,2,0,4
BRDA:84,2,1,1
BRDA:87,3,0,3
BRDA:87,3,1,1
BRDA:90,4,0,2
BRDA:90,4,1,1
BRDA:112,5,0,2
BRDA:112,5,1,6
BRDA:124,6,0,1
BRDA:124,6,1,1
BRF:12
BRH:12
end_of_record
