TN:
SF:/Users/xudecheng/INFO7500/INFO7500_contract/DutchAuction/V1.0/contracts/BasicDutchAuction.sol
FN:54,constructor
FN:83,placeBid
FN:120,getCurrentAuctionPrice
FN:133,retrieveRefund
FN:148,getBalance
FNF:5
FNH:5
FNDA:21,constructor
FNDA:6,placeBid
FNDA:8,getCurrentAuctionPrice
FNDA:2,retrieveRefund
FNDA:3,getBalance
DA:59,21
DA:60,21
DA:61,21
DA:62,21
DA:64,21
DA:68,21
DA:69,21
DA:70,21
DA:71,21
DA:72,21
DA:84,6
DA:87,6
DA:90,5
DA:93,4
DA:99,3
DA:100,2
DA:101,2
DA:102,2
DA:103,2
DA:104,2
DA:105,2
DA:109,1
DA:110,1
DA:121,8
DA:122,2
DA:124,6
DA:125,6
DA:134,2
DA:139,1
DA:140,1
DA:141,1
DA:149,3
LF:32
LH:32
BRDA:87,1,0,5
BRDA:87,1,1,1
BRDA:90,2,0,4
BRDA:90,2,1,1
BRDA:93,3,0,3
BRDA:93,3,1,1
BRDA:99,4,0,2
BRDA:99,4,1,1
BRDA:121,5,0,2
BRDA:121,5,1,6
BRDA:134,6,0,1
BRDA:134,6,1,1
BRF:12
BRH:12
end_of_record
