{"contracts/BasicDutchAuction.sol":{"l":{"59":21,"60":21,"61":21,"62":21,"64":21,"68":21,"69":21,"70":21,"71":21,"72":21,"84":6,"87":6,"90":5,"93":4,"99":3,"100":2,"101":2,"102":2,"103":2,"104":2,"105":2,"109":1,"110":1,"121":8,"122":2,"124":6,"125":6,"134":2,"139":1,"140":1,"141":1,"149":3},"path":"/Users/xudecheng/INFO7500/INFO7500_contract/DutchAuction/V1.0/contracts/BasicDutchAuction.sol","s":{"1":6,"2":6,"3":5,"4":4,"5":3,"6":2,"7":2,"8":1,"9":8,"10":2,"11":6,"12":6,"13":2,"14":1,"15":1,"16":3},"b":{"1":[5,1],"2":[4,1],"3":[3,1],"4":[2,1],"5":[2,6],"6":[1,1]},"f":{"1":21,"2":6,"3":8,"4":2,"5":3},"fnMap":{"1":{"name":"constructor","line":54,"loc":{"start":{"line":54,"column":4},"end":{"line":73,"column":4}}},"2":{"name":"placeBid","line":83,"loc":{"start":{"line":83,"column":4},"end":{"line":111,"column":4}}},"3":{"name":"getCurrentAuctionPrice","line":120,"loc":{"start":{"line":120,"column":4},"end":{"line":127,"column":4}}},"4":{"name":"retrieveRefund","line":133,"loc":{"start":{"line":133,"column":4},"end":{"line":142,"column":4}}},"5":{"name":"getBalance","line":148,"loc":{"start":{"line":148,"column":4},"end":{"line":150,"column":4}}}},"statementMap":{"1":{"start":{"line":84,"column":8},"end":{"line":84,"column":55}},"2":{"start":{"line":87,"column":8},"end":{"line":87,"column":57}},"3":{"start":{"line":90,"column":8},"end":{"line":90,"column":75}},"4":{"start":{"line":93,"column":8},"end":{"line":93,"column":3051}},"5":{"start":{"line":99,"column":8},"end":{"line":99,"column":3284}},"6":{"start":{"line":104,"column":12},"end":{"line":104,"column":51}},"7":{"start":{"line":105,"column":12},"end":{"line":105,"column":23}},"8":{"start":{"line":110,"column":8},"end":{"line":110,"column":20}},"9":{"start":{"line":121,"column":8},"end":{"line":121,"column":4140}},"10":{"start":{"line":122,"column":12},"end":{"line":122,"column":20}},"11":{"start":{"line":124,"column":12},"end":{"line":124,"column":74}},"12":{"start":{"line":125,"column":12},"end":{"line":125,"column":72}},"13":{"start":{"line":134,"column":8},"end":{"line":134,"column":4568}},"14":{"start":{"line":139,"column":8},"end":{"line":139,"column":56}},"15":{"start":{"line":141,"column":8},"end":{"line":141,"column":49}},"16":{"start":{"line":149,"column":8},"end":{"line":149,"column":37}}},"branchMap":{"1":{"line":87,"type":"if","locations":[{"start":{"line":87,"column":8},"end":{"line":87,"column":8}},{"start":{"line":87,"column":8},"end":{"line":87,"column":8}}]},"2":{"line":90,"type":"if","locations":[{"start":{"line":90,"column":8},"end":{"line":90,"column":8}},{"start":{"line":90,"column":8},"end":{"line":90,"column":8}}]},"3":{"line":93,"type":"if","locations":[{"start":{"line":93,"column":8},"end":{"line":93,"column":8}},{"start":{"line":93,"column":8},"end":{"line":93,"column":8}}]},"4":{"line":99,"type":"if","locations":[{"start":{"line":99,"column":8},"end":{"line":99,"column":8}},{"start":{"line":99,"column":8},"end":{"line":99,"column":8}}]},"5":{"line":121,"type":"if","locations":[{"start":{"line":121,"column":8},"end":{"line":121,"column":8}},{"start":{"line":121,"column":8},"end":{"line":121,"column":8}}]},"6":{"line":134,"type":"if","locations":[{"start":{"line":134,"column":8},"end":{"line":134,"column":8}},{"start":{"line":134,"column":8},"end":{"line":134,"column":8}}]}}}}